<?xml version="1.0" encoding="UTF-8"?>
<!-- Generated by org.testng.reporters.JUnitReportReporter -->
<testsuite hostname="SM-MBP.local" failures="0" tests="1" name="com.healthcare.executepageclasses.CaptureVitalsTestClass" time="37.827" errors="0" timestamp="2023-08-26T09:50:43 AEST" skipped="0">
  <testcase classname="com.healthcare.executepageclasses.CaptureVitalsTestClass" name="verifyAllAddVitalDetailsOfRegisteredPatient" time="37.827"/>
  <system-out/>
</testsuite> <!-- com.healthcare.executepageclasses.CaptureVitalsTestClass -->
