<?xml version="1.0" encoding="UTF-8"?>
<!-- Generated by org.testng.reporters.JUnitReportReporter -->
<testsuite hostname="SM-MBP.local" failures="0" tests="1" name="com.healthcare.executepageclasses.PatientPageTestClass" time="22.519" errors="0" timestamp="2023-08-14T22:26:28 AEST" skipped="0">
  <testcase classname="com.healthcare.executepageclasses.PatientPageTestClass" name="verifyAllAddVitalDetailsOfRegisteredPatient" time="22.519"/>
  <system-out/>
</testsuite> <!-- com.healthcare.executepageclasses.PatientPageTestClass -->
