<?xml version="1.0" encoding="UTF-8"?>
<!-- Generated by org.testng.reporters.JUnitReportReporter -->
<testsuite hostname="SM-MBP.local" failures="0" tests="1" name="com.healthcare.executepageclasses.RegisterAPatientTestClass" time="16.547" errors="0" timestamp="2023-08-14T00:04:02 AEST" skipped="0">
  <testcase classname="com.healthcare.executepageclasses.RegisterAPatientTestClass" name="verifyTheRegisteredPatientIsFoundOrNotInPatientRecordTable" time="16.547"/>
  <system-out/>
</testsuite> <!-- com.healthcare.executepageclasses.RegisterAPatientTestClass -->
