<?xml version="1.0" encoding="UTF-8"?>
<!-- Generated by org.testng.reporters.JUnitReportReporter -->
<testsuite hostname="SM-MBP.local" failures="0" tests="6" name="com.healthcare.executepageclasses.RegisterAPatientTestClass" time="125.923" errors="0" timestamp="2023-08-26T09:50:43 AEST" skipped="0">
  <testcase classname="com.healthcare.executepageclasses.RegisterAPatientTestClass" name="verifyToRegisterAPatient" time="16.967"/>
  <system-out/>
  <testcase classname="com.healthcare.executepageclasses.RegisterAPatientTestClass" name="verifyToRegisterAPatient" time="20.260"/>
  <system-out/>
  <testcase classname="com.healthcare.executepageclasses.RegisterAPatientTestClass" name="verifyToDeleteARegisteredPatient" time="20.018"/>
  <system-out/>
  <testcase classname="com.healthcare.executepageclasses.RegisterAPatientTestClass" name="verifyToDeleteARegisteredPatient" time="24.842"/>
  <system-out/>
  <testcase classname="com.healthcare.executepageclasses.RegisterAPatientTestClass" name="verifyTheRegisteredPatientIsFoundOrNotInPatientRecordTable" time="20.305"/>
  <system-out/>
  <testcase classname="com.healthcare.executepageclasses.RegisterAPatientTestClass" name="verifyTheRegisteredPatientIsFoundOrNotInPatientRecordTable" time="23.531"/>
  <system-out/>
</testsuite> <!-- com.healthcare.executepageclasses.RegisterAPatientTestClass -->
