<?xml version="1.0" encoding="UTF-8"?>
<!-- Generated by org.testng.reporters.JUnitReportReporter -->
<testsuite hostname="SM-MBP.local" failures="0" tests="1" name="com.healthcare.executepageclasses.LoginPageTestClass" time="5.280" errors="0" timestamp="2023-08-14T00:02:07 AEST" skipped="0">
  <testcase classname="com.healthcare.executepageclasses.LoginPageTestClass" name="verifyTheCorrectSiteIsLoadedWhileHittingTheURL" time="5.280"/>
  <system-out/>
</testsuite> <!-- com.healthcare.executepageclasses.LoginPageTestClass -->
