<?xml version="1.0" encoding="UTF-8"?>
<!-- Generated by org.testng.reporters.JUnitReportReporter -->
<testsuite hostname="SM-MBP.local" failures="0" tests="1" name="com.healthcare.executepageclasses.FindAPatientTestClass" time="21.831" errors="0" timestamp="2023-08-22T21:08:14 AEST" skipped="0">
  <testcase classname="com.healthcare.executepageclasses.FindAPatientTestClass" name="verifyTheRegisteredPatientIsFoundOrNotInPatientRecordTable" time="21.831"/>
  <system-out/>
</testsuite> <!-- com.healthcare.executepageclasses.FindAPatientTestClass -->
