<?xml version="1.0" encoding="UTF-8"?>
<!-- Generated by org.testng.reporters.JUnitReportReporter -->
<testsuite hostname="SM-MBP.local" failures="0" tests="1" name="com.healthcare.executepageclasses.CaptureVitalsTestClass" time="5.037" errors="0" timestamp="2023-08-13T23:41:15 AEST" skipped="0">
  <testcase classname="com.healthcare.executepageclasses.CaptureVitalsTestClass" name="f" time="5.037"/>
  <system-out/>
</testsuite> <!-- com.healthcare.executepageclasses.CaptureVitalsTestClass -->
