<?xml version="1.0" encoding="UTF-8"?>
<!-- Generated by org.testng.reporters.JUnitReportReporter -->
<testsuite hostname="SM-MBP.local" failures="0" tests="10" name="com.healthcare.executepageclasses.LoginPageTestClass" time="69.735" errors="0" timestamp="2023-08-26T09:50:43 AEST" skipped="0">
  <testcase classname="com.healthcare.executepageclasses.LoginPageTestClass" name="verifyTheCorrectSiteIsLoadedWhileHittingTheURL" time="4.950"/>
  <system-out/>
  <testcase classname="com.healthcare.executepageclasses.LoginPageTestClass" name="verifyUnsuccessfulLogin" time="6.364"/>
  <system-out/>
  <testcase classname="com.healthcare.executepageclasses.LoginPageTestClass" name="verifySuccessfulLogin" time="6.472"/>
  <system-out/>
  <testcase classname="com.healthcare.executepageclasses.LoginPageTestClass" name="verifySuccessfulLogin" time="9.029"/>
  <system-out/>
  <testcase classname="com.healthcare.executepageclasses.LoginPageTestClass" name="verifyUnsuccessfulLogin" time="5.602"/>
  <system-out/>
  <testcase classname="com.healthcare.executepageclasses.LoginPageTestClass" name="verifyUnsuccessfulLogin" time="7.042"/>
  <system-out/>
  <testcase classname="com.healthcare.executepageclasses.LoginPageTestClass" name="verifyUnsuccessfulLogin" time="7.608"/>
  <system-out/>
  <testcase classname="com.healthcare.executepageclasses.LoginPageTestClass" name="verifyTheCorrectSiteIsLoadedWhileHittingTheURL" time="6.851"/>
  <system-out/>
  <testcase classname="com.healthcare.executepageclasses.LoginPageTestClass" name="verifyUnsuccessfulLogin" time="7.770"/>
  <system-out/>
  <testcase classname="com.healthcare.executepageclasses.LoginPageTestClass" name="verifyUnsuccessfulLogin" time="8.047"/>
  <system-out/>
</testsuite> <!-- com.healthcare.executepageclasses.LoginPageTestClass -->
