<?xml version="1.0" encoding="UTF-8"?>
<!-- Generated by org.testng.reporters.JUnitReportReporter -->
<testsuite hostname="SM-MBP.local" failures="0" tests="4" name="com.healthcare.executepageclasses.HomePageTestClass" time="35.022" errors="0" timestamp="2023-08-26T09:50:43 AEST" skipped="0">
  <testcase classname="com.healthcare.executepageclasses.HomePageTestClass" name="verifyTheLogoIsDisplayedOrNotInHomePage" time="9.105"/>
  <system-out/>
  <testcase classname="com.healthcare.executepageclasses.HomePageTestClass" name="verifyAllTilesAreDisplayedInHomePage" time="7.773"/>
  <system-out/>
  <testcase classname="com.healthcare.executepageclasses.HomePageTestClass" name="verifyAllTilesAreDisplayedInHomePage" time="8.974"/>
  <system-out/>
  <testcase classname="com.healthcare.executepageclasses.HomePageTestClass" name="verifyTheLogoIsDisplayedOrNotInHomePage" time="9.170"/>
  <system-out/>
</testsuite> <!-- com.healthcare.executepageclasses.HomePageTestClass -->
