<?xml version="1.0" encoding="UTF-8"?>
<!-- Generated by org.testng.reporters.JUnitReportReporter -->
<testsuite hostname="SM-MBP.local" failures="0" tests="1" name="com.healthcare.executepageclasses.HomePageTestClass" time="6.044" errors="0" timestamp="2023-08-14T00:02:38 AEST" skipped="0">
  <testcase classname="com.healthcare.executepageclasses.HomePageTestClass" name="verifyTheLogoIsDisplayedOrNotInHomePage" time="6.044"/>
  <system-out/>
</testsuite> <!-- com.healthcare.executepageclasses.HomePageTestClass -->
