<?xml version="1.0" encoding="UTF-8"?>
<!-- Generated by org.testng.reporters.JUnitReportReporter -->
<testsuite hostname="SM-MBP.local" failures="0" tests="1" name="com.healthcare.executepageclasses.ActiveVisitsTestClass" time="19.056" errors="0" timestamp="2023-08-13T23:55:50 AEST" skipped="0">
  <testcase classname="com.healthcare.executepageclasses.ActiveVisitsTestClass" name="verifyThePatientIsInActiveVisitsWhenVisitStarts" time="19.056"/>
  <system-out/>
</testsuite> <!-- com.healthcare.executepageclasses.ActiveVisitsTestClass -->
